<?xml version="1.0" encoding="UTF-8"?>
<!-- Generated by org.testng.reporters.JUnitXMLReporter -->
<testsuite ignored="0" hostname="DESKTOP-65HJ227" failures="0" tests="8" name="Default test" time="0.094" errors="0" timestamp="2025-01-17T13:52:33 IST">
  <testcase classname="com.SNBN.base.TestBase" name="@BeforeSuite setUp" time="38.792">
    <failure type="java.lang.NullPointerException" message="Cannot invoke &amp;quot;io.appium.java_client.windows.WindowsDriver.quit()&amp;quot; because &amp;quot;this.driver&amp;quot; is null">
      <![CDATA[java.lang.NullPointerException: Cannot invoke "io.appium.java_client.windows.WindowsDriver.quit()" because "this.driver" is null
at com.SNBN.base.TestBase.setUp(TestBase.java:126)
at java.base/jdk.internal.reflect.NativeMethodAccessorImpl.invoke0(Native Method)
at java.base/jdk.internal.reflect.NativeMethodAccessorImpl.invoke(NativeMethodAccessorImpl.java:77)
at java.base/jdk.internal.reflect.DelegatingMethodAccessorImpl.invoke(DelegatingMethodAccessorImpl.java:43)
at java.base/java.lang.reflect.Method.invoke(Method.java:568)
at org.testng.internal.invokers.MethodInvocationHelper.invokeMethod(MethodInvocationHelper.java:139)
at org.testng.internal.invokers.MethodInvocationHelper.invokeMethodConsideringTimeout(MethodInvocationHelper.java:69)
at org.testng.internal.invokers.ConfigInvoker.invokeConfigurationMethod(ConfigInvoker.java:390)
at org.testng.internal.invokers.ConfigInvoker.invokeConfigurations(ConfigInvoker.java:325)
at org.testng.SuiteRunner.privateRun(SuiteRunner.java:382)
at org.testng.SuiteRunner.run(SuiteRunner.java:336)
at org.testng.SuiteRunnerWorker.runSuite(SuiteRunnerWorker.java:52)
at org.testng.SuiteRunnerWorker.run(SuiteRunnerWorker.java:95)
at org.testng.TestNG.runSuitesSequentially(TestNG.java:1280)
at org.testng.TestNG.runSuitesLocally(TestNG.java:1200)
at org.testng.TestNG.runSuites(TestNG.java:1114)
at org.testng.TestNG.run(TestNG.java:1082)
at org.testng.remote.AbstractRemoteTestNG.run(AbstractRemoteTestNG.java:115)
at org.testng.remote.RemoteTestNG.initAndRun(RemoteTestNG.java:251)
at org.testng.remote.RemoteTestNG.main(RemoteTestNG.java:77)
]]>
    </failure>
  </testcase> <!-- @BeforeSuite setUp -->
  <testcase classname="com.SNBN.testcases.EndToEndTesting" name="Login" time="0.0">
    <skipped/>
  </testcase> <!-- Login -->
  <testcase classname="com.SNBN.testcases.EndToEndTesting" name="BillerOpeningCash" time="0.0">
    <skipped/>
  </testcase> <!-- BillerOpeningCash -->
  <testcase classname="com.SNBN.testcases.EndToEndTesting" name="AddMasters" time="0.001">
    <skipped/>
  </testcase> <!-- AddMasters -->
  <testcase classname="com.SNBN.testcases.EndToEndTesting" name="Customers" time="0.0">
    <skipped/>
  </testcase> <!-- Customers -->
  <testcase classname="com.SNBN.testcases.EndToEndTesting" name="Bills" time="0.0">
    <skipped/>
  </testcase> <!-- Bills -->
  <testcase classname="com.SNBN.testcases.EndToEndTesting" name="Distributors" time="0.0">
    <skipped/>
  </testcase> <!-- Distributors -->
  <testcase classname="com.SNBN.testcases.EndToEndTesting" name="Purchase" time="0.0">
    <skipped/>
  </testcase> <!-- Purchase -->
  <testcase classname="com.SNBN.testcases.EndToEndTesting" name="Logout" time="0.0">
    <skipped/>
  </testcase> <!-- Logout -->
</testsuite> <!-- Default test -->
