<?xml version="1.0" encoding="UTF-8"?>
<testng-results ignored="0" total="8" passed="8" failed="0" skipped="0">
  <reporter-output>
  </reporter-output>
  <suite started-at="2025-01-13T22:37:08 IST" name="Default suite" finished-at="2025-01-13T22:39:48 IST" duration-ms="159069">
    <groups>
    </groups>
    <test started-at="2025-01-13T22:37:08 IST" name="Default test" finished-at="2025-01-13T22:39:48 IST" duration-ms="159069">
      <class name="com.SNBN.testcases.EndToEndTesting">
        <test-method is-config="true" signature="setUp()[pri:0, instance:com.SNBN.testcases.EndToEndTesting@548a24a]" started-at="2025-01-13T22:36:57 IST" name="setUp" finished-at="2025-01-13T22:37:08 IST" duration-ms="11343" status="PASS">
          <reporter-output>
          </reporter-output>
        </test-method> <!-- setUp -->
        <test-method signature="Login()[pri:0, instance:com.SNBN.testcases.EndToEndTesting@548a24a]" started-at="2025-01-13T22:37:09 IST" name="Login" finished-at="2025-01-13T22:37:13 IST" duration-ms="4973" status="PASS">
          <reporter-output>
          </reporter-output>
        </test-method> <!-- Login -->
        <test-method signature="BillerOpeningCash()[pri:1, instance:com.SNBN.testcases.EndToEndTesting@548a24a]" started-at="2025-01-13T22:37:14 IST" name="BillerOpeningCash" finished-at="2025-01-13T22:37:20 IST" duration-ms="6498" status="PASS">
          <reporter-output>
          </reporter-output>
        </test-method> <!-- BillerOpeningCash -->
        <test-method signature="AddMasters()[pri:2, instance:com.SNBN.testcases.EndToEndTesting@548a24a]" started-at="2025-01-13T22:37:20 IST" name="AddMasters" finished-at="2025-01-13T22:37:31 IST" duration-ms="10892" status="PASS">
          <reporter-output>
          </reporter-output>
        </test-method> <!-- AddMasters -->
        <test-method signature="Customers()[pri:3, instance:com.SNBN.testcases.EndToEndTesting@548a24a]" started-at="2025-01-13T22:37:31 IST" name="Customers" finished-at="2025-01-13T22:37:33 IST" duration-ms="2234" status="PASS">
          <reporter-output>
          </reporter-output>
        </test-method> <!-- Customers -->
        <test-method signature="Bills()[pri:4, instance:com.SNBN.testcases.EndToEndTesting@548a24a]" started-at="2025-01-13T22:37:33 IST" name="Bills" finished-at="2025-01-13T22:37:36 IST" duration-ms="3159" status="PASS">
          <reporter-output>
          </reporter-output>
        </test-method> <!-- Bills -->
        <test-method signature="Distributors()[pri:5, instance:com.SNBN.testcases.EndToEndTesting@548a24a]" started-at="2025-01-13T22:37:36 IST" name="Distributors" finished-at="2025-01-13T22:37:39 IST" duration-ms="2553" status="PASS">
          <reporter-output>
          </reporter-output>
        </test-method> <!-- Distributors -->
        <test-method signature="Purchase()[pri:6, instance:com.SNBN.testcases.EndToEndTesting@548a24a]" started-at="2025-01-13T22:37:39 IST" name="Purchase" finished-at="2025-01-13T22:39:40 IST" duration-ms="121398" status="PASS">
          <reporter-output>
          </reporter-output>
        </test-method> <!-- Purchase -->
        <test-method signature="Logout()[pri:7, instance:com.SNBN.testcases.EndToEndTesting@548a24a]" started-at="2025-01-13T22:39:40 IST" name="Logout" finished-at="2025-01-13T22:39:48 IST" duration-ms="7303" status="PASS">
          <reporter-output>
          </reporter-output>
        </test-method> <!-- Logout -->
        <test-method is-config="true" signature="tearDown()[pri:0, instance:com.SNBN.testcases.EndToEndTesting@548a24a]" started-at="2025-01-13T22:39:48 IST" name="tearDown" finished-at="2025-01-13T22:39:48 IST" duration-ms="19" status="PASS">
          <reporter-output>
          </reporter-output>
        </test-method> <!-- tearDown -->
      </class> <!-- com.SNBN.testcases.EndToEndTesting -->
    </test> <!-- Default test -->
  </suite> <!-- Default suite -->
</testng-results>
